yarn run v1.22.22
$ storybook build --output-dir=/var/folders/_l/cftklkgs713_m8l4l7s0pw7w0000gp/T/chromatic--21875-FOfrQaPcRdHK
[1mstorybook v9.0.17
[22m
info => Cleaning outputDir: [36m../../../../var/folders/_l/cftklkgs713_m8l4l7s0pw7w0000gp/T/chromatic--21875-FOfrQaPcRdHK[39m
info => Loading presets
info => Building manager..
info => Building preview..
info Using tsconfig paths for react-docgen
info => Copying static files: [36mpublic[39m at [36m../../../../var/folders/_l/cftklkgs713_m8l4l7s0pw7w0000gp/T/chromatic--21875-FOfrQaPcRdHK[39m
[36mvite v7.0.5 [32mbuilding for production...[36m[39m
transforming...
[32m✓[39m 557 modules transformed.
rendering chunks...
computing gzip size...
[2m../../../../var/folders/_l/cftklkgs713_m8l4l7s0pw7w0000gp/T/chromatic--21875-FOfrQaPcRdHK/[22m[32miframe.html                               [39m[1m[2m   18.39 kB[22m[1m[22m[2m │ gzip:   5.08 kB[22m
[2m../../../../var/folders/_l/cftklkgs713_m8l4l7s0pw7w0000gp/T/chromatic--21875-FOfrQaPcRdHK/[22m[2massets/[22m[35mCalendar-BFpFdG0l.css              [39m[1m[2m    2.25 kB[22m[1m[22m[2m │ gzip:   0.81 kB[22m
[2m../../../../var/folders/_l/cftklkgs713_m8l4l7s0pw7w0000gp/T/chromatic--21875-FOfrQaPcRdHK/[22m[2massets/[22m[36mindex-C2V9_nrK.js                  [39m[1m[2m    0.42 kB[22m[1m[22m[2m │ gzip:   0.27 kB[22m
[2m../../../../var/folders/_l/cftklkgs713_m8l4l7s0pw7w0000gp/T/chromatic--21875-FOfrQaPcRdHK/[22m[2massets/[22m[36mCalendar.stories-BhUV7Fwf.js       [39m[1m[2m    5.98 kB[22m[1m[22m[2m │ gzip:   2.12 kB[22m
[2m../../../../var/folders/_l/cftklkgs713_m8l4l7s0pw7w0000gp/T/chromatic--21875-FOfrQaPcRdHK/[22m[2massets/[22m[36mColor-AVL7NMMY-BYjp1GHS.js         [39m[1m[2m   29.13 kB[22m[1m[22m[2m │ gzip:  11.01 kB[22m
[2m../../../../var/folders/_l/cftklkgs713_m8l4l7s0pw7w0000gp/T/chromatic--21875-FOfrQaPcRdHK/[22m[2massets/[22m[36mmatchers-7Z3WT2CE-CcSi9QFY.js      [39m[1m[2m   29.66 kB[22m[1m[22m[2m │ gzip:  10.29 kB[22m
[2m../../../../var/folders/_l/cftklkgs713_m8l4l7s0pw7w0000gp/T/chromatic--21875-FOfrQaPcRdHK/[22m[2massets/[22m[36mreact-18-B2RKIaoK.js               [39m[1m[2m  175.18 kB[22m[1m[22m[2m │ gzip:  55.48 kB[22m
[2m../../../../var/folders/_l/cftklkgs713_m8l4l7s0pw7w0000gp/T/chromatic--21875-FOfrQaPcRdHK/[22m[2massets/[22m[36mDocsRenderer-PQXLIZUC-BcHqmp5b.js  [39m[1m[33m  527.63 kB[39m[22m[2m │ gzip: 172.40 kB[22m
[2m../../../../var/folders/_l/cftklkgs713_m8l4l7s0pw7w0000gp/T/chromatic--21875-FOfrQaPcRdHK/[22m[2massets/[22m[36maxe-thYXnqzL.js                    [39m[1m[33m  572.23 kB[39m[22m[2m │ gzip: 158.00 kB[22m
[2m../../../../var/folders/_l/cftklkgs713_m8l4l7s0pw7w0000gp/T/chromatic--21875-FOfrQaPcRdHK/[22m[2massets/[22m[36miframe-CRUSmV3d.js                 [39m[1m[33m1,689.88 kB[39m[22m[2m │ gzip: 480.07 kB[22m
[32m✓ built in 3.25s[39m
info => Output directory: /var/folders/_l/cftklkgs713_m8l4l7s0pw7w0000gp/T/chromatic--21875-FOfrQaPcRdHK
Done in 5.53s.
